<?xml version="1.0" encoding="UTF-8"?>
<testsuite name="tetris.SpawnTests" tests="2" skipped="0" failures="0" errors="0" timestamp="2022-10-04T11:42:20" hostname="DESKTOP-JDSIO1T" time="0.007">
  <properties/>
  <testcase name="testSpawn" classname="tetris.SpawnTests" time="0.003"/>
  <testcase name="testSpawn2" classname="tetris.SpawnTests" time="0.003"/>
  <system-out><![CDATA[]]></system-out>
  <system-err><![CDATA[]]></system-err>
</testsuite>
