<?xml version="1.0" encoding="UTF-8"?>
<testsuite name="tetris.MovementTests" tests="2" skipped="0" failures="0" errors="0" timestamp="2022-10-04T11:42:20" hostname="DESKTOP-JDSIO1T" time="0.01">
  <properties/>
  <testcase name="testMovement" classname="tetris.MovementTests" time="0.005"/>
  <testcase name="testMovement2" classname="tetris.MovementTests" time="0.004"/>
  <system-out><![CDATA[]]></system-out>
  <system-err><![CDATA[]]></system-err>
</testsuite>
