<?xml version="1.0" encoding="UTF-8"?>
<testsuite name="warmup.AverageGradeTests" tests="3" skipped="0" failures="0" errors="0" timestamp="2022-09-05T11:22:18" hostname="DESKTOP-JDSIO1T" time="0.083">
  <properties/>
  <testcase name="testaverage0" classname="warmup.AverageGradeTests" time="0.076"/>
  <testcase name="testaverage1" classname="warmup.AverageGradeTests" time="0.002"/>
  <testcase name="testaverage2" classname="warmup.AverageGradeTests" time="0.002"/>
  <system-out><![CDATA[]]></system-out>
  <system-err><![CDATA[]]></system-err>
</testsuite>
