<?xml version="1.0" encoding="UTF-8"?>
<testsuite name="tetris.RotateBackToStartTests" tests="4" skipped="0" failures="0" errors="0" timestamp="2022-10-04T11:42:27" hostname="DESKTOP-JDSIO1T" time="0.012">
  <properties/>
  <testcase name="testRotate360" classname="tetris.RotateBackToStartTests" time="0.002"/>
  <testcase name="testRotate360CC" classname="tetris.RotateBackToStartTests" time="0.003"/>
  <testcase name="testRotateLeftRight" classname="tetris.RotateBackToStartTests" time="0.002"/>
  <testcase name="testRotateRightLeft" classname="tetris.RotateBackToStartTests" time="0.003"/>
  <system-out><![CDATA[]]></system-out>
  <system-err><![CDATA[]]></system-err>
</testsuite>
