<?xml version="1.0" encoding="UTF-8"?>
<testsuite name="snake.basic.PlacementTests" tests="4" skipped="0" failures="0" errors="0" timestamp="2022-09-15T11:23:30" hostname="DESKTOP-JDSIO1T" time="0.137">
  <properties/>
  <testcase name="testStartCorrectly" classname="snake.basic.PlacementTests" time="0.117"/>
  <testcase name="testApplePos3" classname="snake.basic.PlacementTests" time="0.003"/>
  <testcase name="testApplePos8" classname="snake.basic.PlacementTests" time="0.003"/>
  <testcase name="testNoRoomForApple" classname="snake.basic.PlacementTests" time="0.011"/>
  <system-out><![CDATA[]]></system-out>
  <system-err><![CDATA[]]></system-err>
</testsuite>
