<?xml version="1.0" encoding="UTF-8"?>
<testsuite name="snake.basic.WrapAroundTests" tests="4" skipped="0" failures="0" errors="0" timestamp="2022-09-15T11:23:30" hostname="DESKTOP-JDSIO1T" time="0.022">
  <properties/>
  <testcase name="testWrapAroundEast" classname="snake.basic.WrapAroundTests" time="0.005"/>
  <testcase name="testWrapAroundSouth" classname="snake.basic.WrapAroundTests" time="0.004"/>
  <testcase name="testWrapAroundNorth" classname="snake.basic.WrapAroundTests" time="0.004"/>
  <testcase name="testWrapAroundWest" classname="snake.basic.WrapAroundTests" time="0.006"/>
  <system-out><![CDATA[]]></system-out>
  <system-err><![CDATA[]]></system-err>
</testsuite>
