<?xml version="1.0" encoding="UTF-8"?>
<testsuite name="snake.basic.MovementTests" tests="5" skipped="0" failures="0" errors="0" timestamp="2022-09-15T11:23:30" hostname="DESKTOP-JDSIO1T" time="0.03">
  <properties/>
  <testcase name="testMove" classname="snake.basic.MovementTests" time="0.005"/>
  <testcase name="testChangeDirs" classname="snake.basic.MovementTests" time="0.009"/>
  <testcase name="testIgnoreEatHead" classname="snake.basic.MovementTests" time="0.004"/>
  <testcase name="testQuickSwitch" classname="snake.basic.MovementTests" time="0.004"/>
  <testcase name="testQuickSwitch2" classname="snake.basic.MovementTests" time="0.004"/>
  <system-out><![CDATA[]]></system-out>
  <system-err><![CDATA[]]></system-err>
</testsuite>
