<?xml version="1.0" encoding="UTF-8"?>
<testsuite name="warmup.SpeedOffendersTests" tests="4" skipped="0" failures="0" errors="0" timestamp="2022-09-07T15:16:23" hostname="DESKTOP-JDSIO1T" time="0.016">
  <properties/>
  <testcase name="speedOffender1" classname="warmup.SpeedOffendersTests" time="0.011"/>
  <testcase name="speedOffender2" classname="warmup.SpeedOffendersTests" time="0.001"/>
  <testcase name="speedOffender3" classname="warmup.SpeedOffendersTests" time="0.001"/>
  <testcase name="speedOffender4" classname="warmup.SpeedOffendersTests" time="0.001"/>
  <system-out><![CDATA[]]></system-out>
  <system-err><![CDATA[]]></system-err>
</testsuite>
