<?xml version="1.0" encoding="UTF-8"?>
<testsuite name="warmup.EloScoresTests" tests="4" skipped="0" failures="0" errors="0" timestamp="2022-09-07T15:16:23" hostname="DESKTOP-JDSIO1T" time="0.012">
  <properties/>
  <testcase name="elo1" classname="warmup.EloScoresTests" time="0.005"/>
  <testcase name="elo2" classname="warmup.EloScoresTests" time="0.004"/>
  <testcase name="elo3" classname="warmup.EloScoresTests" time="0.002"/>
  <testcase name="elo4" classname="warmup.EloScoresTests" time="0.001"/>
  <system-out><![CDATA[1502.8723662442817
1709.3895831335208
1387.7380506221975
2183.2077649517028
2579.336830698455
1911.3187204263215
]]></system-out>
  <system-err><![CDATA[]]></system-err>
</testsuite>
