<?xml version="1.0" encoding="UTF-8"?>
<testsuite name="warmup.DiamondStringTests" tests="4" skipped="0" failures="0" errors="0" timestamp="2022-09-07T15:16:23" hostname="DESKTOP-JDSIO1T" time="0.009">
  <properties/>
  <testcase name="diamond3" classname="warmup.DiamondStringTests" time="0.004"/>
  <testcase name="diamond4" classname="warmup.DiamondStringTests" time="0.001"/>
  <testcase name="diamond7" classname="warmup.DiamondStringTests" time="0.001"/>
  <testcase name="diamond12" classname="warmup.DiamondStringTests" time="0.001"/>
  <system-out><![CDATA[]]></system-out>
  <system-err><![CDATA[]]></system-err>
</testsuite>
