<?xml version="1.0" encoding="UTF-8"?>
<testsuite name="warmup.MergeSortedArraysTests" tests="5" skipped="0" failures="0" errors="0" timestamp="2022-09-07T15:16:23" hostname="DESKTOP-JDSIO1T" time="0.008">
  <properties/>
  <testcase name="merge0" classname="warmup.MergeSortedArraysTests" time="0.001"/>
  <testcase name="merge1" classname="warmup.MergeSortedArraysTests" time="0.001"/>
  <testcase name="merge2" classname="warmup.MergeSortedArraysTests" time="0.001"/>
  <testcase name="merge3" classname="warmup.MergeSortedArraysTests" time="0.002"/>
  <testcase name="merge4" classname="warmup.MergeSortedArraysTests" time="0.001"/>
  <system-out><![CDATA[]]></system-out>
  <system-err><![CDATA[]]></system-err>
</testsuite>
