<?xml version="1.0" encoding="UTF-8"?>
<testsuite name="warmup.AverageGradeTests" tests="3" skipped="0" failures="0" errors="0" timestamp="2022-09-07T15:16:23" hostname="DESKTOP-JDSIO1T" time="0.004">
  <properties/>
  <testcase name="testaverage0" classname="warmup.AverageGradeTests" time="0.002"/>
  <testcase name="testaverage1" classname="warmup.AverageGradeTests" time="0.001"/>
  <testcase name="testaverage2" classname="warmup.AverageGradeTests" time="0.001"/>
  <system-out><![CDATA[]]></system-out>
  <system-err><![CDATA[]]></system-err>
</testsuite>
