<?xml version="1.0" encoding="UTF-8"?>
<testsuite name="warmup.CollatzLengthTests" tests="5" skipped="0" failures="0" errors="0" timestamp="2022-09-07T15:16:23" hostname="DESKTOP-JDSIO1T" time="0.005">
  <properties/>
  <testcase name="collatz0" classname="warmup.CollatzLengthTests" time="0.001"/>
  <testcase name="collatz1" classname="warmup.CollatzLengthTests" time="0.0"/>
  <testcase name="collatz2" classname="warmup.CollatzLengthTests" time="0.0"/>
  <testcase name="collatz3" classname="warmup.CollatzLengthTests" time="0.0"/>
  <testcase name="collatz4" classname="warmup.CollatzLengthTests" time="0.0"/>
  <system-out><![CDATA[]]></system-out>
  <system-err><![CDATA[]]></system-err>
</testsuite>
