<?xml version="1.0" encoding="UTF-8"?>
<testsuite name="snake.basic.MovementTests" tests="5" skipped="0" failures="0" errors="0" timestamp="2022-09-24T12:02:12" hostname="DESKTOP-JDSIO1T" time="0.02">
  <properties/>
  <testcase name="testMove" classname="snake.basic.MovementTests" time="0.003"/>
  <testcase name="testChangeDirs" classname="snake.basic.MovementTests" time="0.006"/>
  <testcase name="testIgnoreEatHead" classname="snake.basic.MovementTests" time="0.002"/>
  <testcase name="testQuickSwitch" classname="snake.basic.MovementTests" time="0.003"/>
  <testcase name="testQuickSwitch2" classname="snake.basic.MovementTests" time="0.003"/>
  <system-out><![CDATA[]]></system-out>
  <system-err><![CDATA[]]></system-err>
</testsuite>
