<?xml version="1.0" encoding="UTF-8"?>
<testsuite name="snake.basic.WrapAroundTests" tests="4" skipped="0" failures="0" errors="0" timestamp="2022-09-24T12:02:12" hostname="DESKTOP-JDSIO1T" time="0.012">
  <properties/>
  <testcase name="testWrapAroundEast" classname="snake.basic.WrapAroundTests" time="0.003"/>
  <testcase name="testWrapAroundSouth" classname="snake.basic.WrapAroundTests" time="0.003"/>
  <testcase name="testWrapAroundNorth" classname="snake.basic.WrapAroundTests" time="0.002"/>
  <testcase name="testWrapAroundWest" classname="snake.basic.WrapAroundTests" time="0.003"/>
  <system-out><![CDATA[]]></system-out>
  <system-err><![CDATA[]]></system-err>
</testsuite>
