<?xml version="1.0" encoding="UTF-8"?>
<testsuite name="snake.basic.GrowthTests" tests="2" skipped="0" failures="0" errors="0" timestamp="2022-09-24T12:02:12" hostname="DESKTOP-JDSIO1T" time="0.008">
  <properties/>
  <testcase name="testGrow" classname="snake.basic.GrowthTests" time="0.004"/>
  <testcase name="testGrowTwice" classname="snake.basic.GrowthTests" time="0.004"/>
  <system-out><![CDATA[]]></system-out>
  <system-err><![CDATA[]]></system-err>
</testsuite>
